<?xml version="1.0" encoding="UTF-8"?>
<testng-results skipped="0" failed="0" ignored="0" total="1" passed="1">
  <reporter-output>
  </reporter-output>
  <suite name="Suite" duration-ms="39234" started-at="2017-04-07T07:28:11Z" finished-at="2017-04-07T07:28:50Z">
    <groups>
    </groups>
    <test name="funLocationAccess" duration-ms="39234" started-at="2017-04-07T07:28:11Z" finished-at="2017-04-07T07:28:50Z">
      <class name="groupon.Test1">
        <test-method status="PASS" signature="beforeMethod(java.lang.String, java.lang.String, java.lang.String, java.lang.String)[pri:0, instance:groupon.Test1@5b275dab]" name="beforeMethod" is-config="true" duration-ms="35142" started-at="2017-04-07T00:28:11Z" finished-at="2017-04-07T00:28:46Z">
          <params>
            <param index="0">
              <value>
                <![CDATA[Google Nexus 6P]]>
              </value>
            </param>
            <param index="1">
              <value>
                <![CDATA[192.168.189.101:5555]]>
              </value>
            </param>
            <param index="2">
              <value>
                <![CDATA[6.0]]>
              </value>
            </param>
            <param index="3">
              <value>
                <![CDATA[127.0.0.1:4723/wd/hub]]>
              </value>
            </param>
          </params>
          <reporter-output>
          </reporter-output>
        </test-method> <!-- beforeMethod -->
        <test-method status="PASS" signature="funLocationAccess()[pri:0, instance:groupon.Test1@5b275dab]" name="funLocationAccess" duration-ms="2391" started-at="2017-04-07T00:28:46Z" finished-at="2017-04-07T00:28:48Z">
          <reporter-output>
          </reporter-output>
        </test-method> <!-- funLocationAccess -->
        <test-method status="PASS" signature="afterMethod()[pri:0, instance:groupon.Test1@5b275dab]" name="afterMethod" is-config="true" duration-ms="1682" started-at="2017-04-07T00:28:48Z" finished-at="2017-04-07T00:28:50Z">
          <reporter-output>
          </reporter-output>
        </test-method> <!-- afterMethod -->
      </class> <!-- groupon.Test1 -->
    </test> <!-- funLocationAccess -->
  </suite> <!-- Suite -->
</testng-results>
